date
too hot:  C
6.3
3730
amarokapp
./killmaxmemprocess.sh: line 28: //killall: No such file or directory
date
too hot:  C
6.3
3730
amarokapp
./killmaxmemprocess.sh: line 28: //killall: No such file or directory
date
too hot:  C
6.1
3730
amarokapp
./killmaxmemprocess.sh: line 28: //killall: No such file or directory
date
too hot:  C
5.9
3730
amarokapp
./killmaxmemprocess.sh: line 32: //killall: No such file or directory
date
too hot:  C
5.8
3730
amarokapp
./killmaxmemprocess.sh: line 32: //killall: No such file or directory
date
too hot:  C
5.8
3730
amarokapp
./killmaxmemprocess.sh: line 32: //killall: No such file or directory
date
too hot:  C
5.8
3730
amarokapp
./killmaxmemprocess.sh: line 32: //killall: No such file or directory
date
too hot:  C
5.9
3730
amarokapp
date
too hot:  C
5.9
3730
amarokapp
date
too hot:  C
5.9
3730
amarokapp
=========================
Fri Oct 26 14:56:45 CEST 2007
Hostile process detected:
memory used: 4.3%
PID: 29308
Name: kate
=========================
Fri Oct 26 14:56:56 CEST 2007
Hostile process detected:
memory used: 4.3%
PID: 29308
Name: kate
killing process
Target successfully eliminated.
=========================
Fri Oct 26 14:57:47 CEST 2007
Hostile process detected:
memory used: 4.3%
PID: 29308
Name: kate
=========================
Fri Oct 26 14:57:57 CEST 2007
Hostile process detected:
memory used: 4.3%
PID: 29308
Name: kate
killing process...
Target successfully eliminated.
=========================
Fri Oct 26 15:00:24 CEST 2007
Hostile process detected:
memory used: 3.4%
PID: 27859
Name: gnome-panel
killing process...
Target successfully eliminated.
=========================
Fri Oct 26 15:00:33 CEST 2007
Hostile process detected:
memory used: 3.6%
PID: 15814
Name: tomboy
killing process...
Target successfully eliminated.
=========================
Fri Oct 26 15:00:58 CEST 2007
Hostile process detected:
memory used: 4.0%
PID: 15779
Name: gnome-panel
=========================
Fri Oct 26 15:03:11 CEST 2007
Hostile process detected:
memory used: 6.1%
PID: 16023
Name: kate
=========================
Fri Oct 26 15:03:22 CEST 2007
Hostile process detected:
memory used: 4.1%
PID: 15779
Name: gnome-panel
=========================
Fri Oct 26 15:03:25 CEST 2007
Hostile process detected:
memory used: 4.1%
PID: 15779
Name: gnome-panel
=========================
Fri Oct 26 15:28:46 CEST 2007
Hostile process detected:
memory used: 28.4%
PID: 22810
Name: iteam
=========================
Fri Oct 26 15:28:49 CEST 2007
Hostile process detected:
memory used: 28.4%
PID: 22810
Name: iteam
killing process...
Target successfully eliminated.
=========================
Fri Oct 26 21:39:57 CEST 2007
Hostile process detected:
memory used: 14.6%
PID: 8962
Name: iteam
killing process...
Target successfully eliminated.
Target successfully eliminated.
=========================
Fri Oct 26 21:40:33 CEST 2007
Hostile process detected:
memory used: 18.4%
PID: 9177
Name: RAMfiller
killing process...
Target successfully eliminated.
kill -9 failed.
=========================
Fri Oct 26 21:48:25 CEST 2007
Hostile process detected:
memory used: 16.4%
PID: 9523
Name: iteam
killing process...
Target successfully eliminated.
=========================
Fri Oct 26 21:49:24 CEST 2007
Hostile process detected:
memory used: 31.3%
PID: 9669
Name: RAMfiller
killing process...
Mission failed.
=========================
Fri Oct 26 22:02:39 CEST 2007
Hostile process detected:
memory used: 28.6%
PID: 7851
Name: amarokapp
killing process...
Target successfully eliminated.
=========================
Fri Oct 26 22:03:38 CEST 2007
Hostile process detected:
memory used: 42.4%
PID: 10932
Name: RAMfiller
killing process...
Target successfully eliminated.
=========================
freemem=108576 < 
=========================
Sat Oct 27 08:55:58 CEST 2007
Hostile process detected:
memory used: 32.3%
PID: 14768
Name: iteam
killing process...
Target successfully eliminated.
kill_1=1
kill_2=1
=========================
freemem=91296 < 
=========================
Sat Oct 27 08:56:34 CEST 2007
Hostile process detected:
memory used: 39.0%
PID: 15227
Name: RAMfiller
killing process...
Target successfully eliminated.
kill_1=1
kill_2=1
=========================
freemem=67884 < 
=========================
Sat Oct 27 08:56:43 CEST 2007
Hostile process detected:
memory used: 44.1%
PID: 15314
Name: RAMfiller
killing process...
Target successfully eliminated.
kill_1=1
kill_2=1
=========================
freemem=69864 < 
=========================
Sat Oct 27 08:57:19 CEST 2007
Hostile process detected:
memory used: 2.8%
PID: 5550
Name: tomboy
killing process...
Target successfully eliminated.
kill_1=1
kill_2=1
=========================
Thu Feb 21 10:49:52 CET 2008
Hostile process detected:
memory used: 9.5%
PID: 8179
Name: nautilus
=========================
Wed Jun 18 09:34:56 CEST 2008
Hostile process detected:
memory used: 20.9%
PID: 14096
Name: firefox
